<?xml version="1.0" encoding="UTF-8"?>
<!-- Generated by org.testng.reporters.JUnitReportReporter -->
<testsuite hostname="INBASDPC09999" name="com.techM.TestNGSeleniumSimpleSearchExample" tests="1" failures="0" timestamp="31 Oct 2016 12:23:09 GMT" time="4.368" errors="0">
  <testcase name="searchTestNGInGoogle" time="4.368" classname="com.techM.TestNGSeleniumSimpleSearchExample"/>
</testsuite> <!-- com.techM.TestNGSeleniumSimpleSearchExample -->
